<?xml version="1.0" encoding="UTF-8"?>
<!-- Generated by org.testng.reporters.JUnitXMLReporter -->
<testsuite hostname="LAPTOP-R7SQEIKM" ignored="0" name="Default test" tests="6" failures="0" timestamp="28 Jun 2022 06:41:46 GMT" time="48.43" errors="0">
  <testcase name="login" time="9.063" classname="com.omr.test.OMRBranchClub"/>
  <testcase name="addAddress" time="3.561" classname="com.omr.test.OMRBranchClub"/>
  <testcase name="updateAddress" time="3.288" classname="com.omr.test.OMRBranchClub"/>
  <testcase name="getAddress" time="2.803" classname="com.omr.test.OMRBranchClub"/>
  <testcase name="deleteAddress" time="3.209" classname="com.omr.test.OMRBranchClub"/>
  <testcase name="changeProfilePic" time="26.349" classname="com.omr.test.OMRBranchClub"/>
</testsuite> <!-- Default test -->
