<?xml version="1.0" encoding="UTF-8"?>
<!-- Generated by org.testng.reporters.JUnitXMLReporter -->
<testsuite hostname="LAPTOP-R7SQEIKM" ignored="0" name="Default test" tests="6" failures="0" timestamp="01 Jul 2022 06:18:32 GMT" time="36.898" errors="0">
  <testcase name="login" time="7.504" classname="com.omr.test.OMRBranchClub"/>
  <testcase name="addAddress" time="5.536" classname="com.omr.test.OMRBranchClub"/>
  <testcase name="updateAddress" time="3.993" classname="com.omr.test.OMRBranchClub"/>
  <testcase name="getAddress" time="2.194" classname="com.omr.test.OMRBranchClub"/>
  <testcase name="deleteAddress" time="1.984" classname="com.omr.test.OMRBranchClub"/>
  <testcase name="changeProfilePic" time="15.574" classname="com.omr.test.OMRBranchClub"/>
</testsuite> <!-- Default test -->
