<?xml version="1.0" encoding="UTF-8"?>
<testng-results skipped="0" failed="0" ignored="0" total="6" passed="6">
  <reporter-output>
  </reporter-output>
  <suite name="Default suite" duration-ms="36898" started-at="2022-07-01T06:17:55Z" finished-at="2022-07-01T06:18:32Z">
    <groups>
    </groups>
    <test name="Default test" duration-ms="36898" started-at="2022-07-01T06:17:55Z" finished-at="2022-07-01T06:18:32Z">
      <class name="com.omr.test.OMRBranchClub">
        <test-method status="PASS" signature="login()[pri:1, instance:com.omr.test.OMRBranchClub@e25b2fe]" name="login" duration-ms="7504" started-at="2022-07-01T06:17:55Z" finished-at="2022-07-01T06:18:02Z">
          <reporter-output>
          </reporter-output>
        </test-method> <!-- login -->
        <test-method status="PASS" signature="addAddress()[pri:2, instance:com.omr.test.OMRBranchClub@e25b2fe]" name="addAddress" duration-ms="5536" started-at="2022-07-01T06:18:02Z" finished-at="2022-07-01T06:18:08Z">
          <reporter-output>
          </reporter-output>
        </test-method> <!-- addAddress -->
        <test-method status="PASS" signature="updateAddress()[pri:3, instance:com.omr.test.OMRBranchClub@e25b2fe]" name="updateAddress" duration-ms="3993" started-at="2022-07-01T06:18:08Z" finished-at="2022-07-01T06:18:12Z">
          <reporter-output>
          </reporter-output>
        </test-method> <!-- updateAddress -->
        <test-method status="PASS" signature="getAddress()[pri:4, instance:com.omr.test.OMRBranchClub@e25b2fe]" name="getAddress" duration-ms="2194" started-at="2022-07-01T06:18:12Z" finished-at="2022-07-01T06:18:14Z">
          <reporter-output>
          </reporter-output>
        </test-method> <!-- getAddress -->
        <test-method status="PASS" signature="deleteAddress()[pri:5, instance:com.omr.test.OMRBranchClub@e25b2fe]" name="deleteAddress" duration-ms="1984" started-at="2022-07-01T06:18:14Z" finished-at="2022-07-01T06:18:16Z">
          <reporter-output>
          </reporter-output>
        </test-method> <!-- deleteAddress -->
        <test-method status="PASS" signature="changeProfilePic()[pri:6, instance:com.omr.test.OMRBranchClub@e25b2fe]" name="changeProfilePic" duration-ms="15574" started-at="2022-07-01T06:18:16Z" finished-at="2022-07-01T06:18:32Z">
          <reporter-output>
          </reporter-output>
        </test-method> <!-- changeProfilePic -->
      </class> <!-- com.omr.test.OMRBranchClub -->
    </test> <!-- Default test -->
  </suite> <!-- Default suite -->
</testng-results>
